<?xml version="1.0" encoding="UTF-8"?>
<!-- Generated by org.testng.reporters.JUnitReportReporter -->
<testsuite hostname="Abdulraheem" failures="0" tests="4" name="myTestCases" time="0.393" errors="0" timestamp="2024-06-09T18:44:03 EET" skipped="2">
  <testcase classname="myTestCases" name="loginTest" time="0.313"/>
  <system-out/>
  <testcase classname="myTestCases" name="findAllElementsThatHasTheTextLab" time="0.080"/>
  <system-out/>
  <testcase classname="myTestCases" name="addOneItemAndSkipTheNextOne">
    <skipped/>
  </testcase> <!-- addOneItemAndSkipTheNextOne -->
  <system-out/>
  <testcase classname="myTestCases" name="addAllItems">
    <skipped/>
  </testcase> <!-- addAllItems -->
  <system-out/>
</testsuite> <!-- myTestCases -->
